<?xml version="1.0" encoding="UTF-8"?>
<!-- Generated by org.testng.reporters.JUnitXMLReporter -->
<testsuite ignored="0" hostname="LAPTOP-LU2O6GHL" failures="0" tests="2" name="BankingApp Test" time="35.517" errors="0" timestamp="2021-03-05T11:28:46 IST">
  <testcase classname="com.inetBanking.testcases.TC_Login_001" name="loginTest" time="6.789"/>
  <testcase classname="com.inetBanking.testcases.TC_CreateNewCustomer_003" name="addNewCustomer" time="21.622"/>
</testsuite> <!-- BankingApp Test -->
