<?xml version="1.0" encoding="UTF-8"?>
<testng-results ignored="0" total="2" passed="2" failed="0" skipped="0">
  <reporter-output>
  </reporter-output>
  <suite started-at="2021-03-05T11:28:11 IST" name="Suite" finished-at="2021-03-05T11:28:46 IST" duration-ms="35517">
    <groups>
    </groups>
    <test started-at="2021-03-05T11:28:11 IST" name="BankingApp Test" finished-at="2021-03-05T11:28:46 IST" duration-ms="35517">
      <class name="com.inetBanking.testcases.TC_Login_001">
        <test-method is-config="true" signature="setup(java.lang.String)[pri:0, instance:com.inetBanking.testcases.TC_Login_001@2d2e5f00]" started-at="2021-03-05T11:28:11 IST" name="setup" finished-at="2021-03-05T11:28:14 IST" duration-ms="3059" status="PASS">
          <params>
            <param index="0">
              <value>
                <![CDATA[chrome]]>
              </value>
            </param>
          </params>
          <reporter-output>
          </reporter-output>
        </test-method> <!-- setup -->
        <test-method signature="loginTest()[pri:0, instance:com.inetBanking.testcases.TC_Login_001@2d2e5f00]" started-at="2021-03-05T11:28:14 IST" name="loginTest" finished-at="2021-03-05T11:28:21 IST" duration-ms="6789" status="PASS">
          <reporter-output>
          </reporter-output>
        </test-method> <!-- loginTest -->
        <test-method is-config="true" signature="tearDown()[pri:0, instance:com.inetBanking.testcases.TC_Login_001@2d2e5f00]" started-at="2021-03-05T11:28:21 IST" name="tearDown" finished-at="2021-03-05T11:28:22 IST" duration-ms="1244" status="PASS">
          <reporter-output>
          </reporter-output>
        </test-method> <!-- tearDown -->
      </class> <!-- com.inetBanking.testcases.TC_Login_001 -->
      <class name="com.inetBanking.testcases.TC_CreateNewCustomer_003">
        <test-method is-config="true" signature="setup(java.lang.String)[pri:0, instance:com.inetBanking.testcases.TC_CreateNewCustomer_003@4c40b76e]" started-at="2021-03-05T11:28:22 IST" name="setup" finished-at="2021-03-05T11:28:24 IST" duration-ms="1849" status="PASS">
          <params>
            <param index="0">
              <value>
                <![CDATA[chrome]]>
              </value>
            </param>
          </params>
          <reporter-output>
          </reporter-output>
        </test-method> <!-- setup -->
        <test-method signature="addNewCustomer()[pri:0, instance:com.inetBanking.testcases.TC_CreateNewCustomer_003@4c40b76e]" started-at="2021-03-05T11:28:24 IST" name="addNewCustomer" finished-at="2021-03-05T11:28:45 IST" duration-ms="21622" status="PASS">
          <reporter-output>
          </reporter-output>
        </test-method> <!-- addNewCustomer -->
        <test-method is-config="true" signature="tearDown()[pri:0, instance:com.inetBanking.testcases.TC_CreateNewCustomer_003@4c40b76e]" started-at="2021-03-05T11:28:45 IST" name="tearDown" finished-at="2021-03-05T11:28:46 IST" duration-ms="750" status="PASS">
          <reporter-output>
          </reporter-output>
        </test-method> <!-- tearDown -->
      </class> <!-- com.inetBanking.testcases.TC_CreateNewCustomer_003 -->
    </test> <!-- BankingApp Test -->
  </suite> <!-- Suite -->
</testng-results>
