<?xml version="1.0" encoding="UTF-8"?>
<testng-results ignored="0" total="1" passed="1" failed="0" skipped="0">
  <reporter-output>
  </reporter-output>
  <suite started-at="2021-03-02T23:51:33 IST" name="Suite" finished-at="2021-03-02T23:51:56 IST" duration-ms="23386">
    <groups>
    </groups>
    <test started-at="2021-03-02T23:51:33 IST" name="BankingApp Test" finished-at="2021-03-02T23:51:56 IST" duration-ms="23386">
      <class name="com.inetBanking.testcases.TC_CreateNewCustomer_003">
        <test-method is-config="true" signature="setup(java.lang.String)[pri:0, instance:com.inetBanking.testcases.TC_CreateNewCustomer_003@96def03]" started-at="2021-03-02T23:51:33 IST" name="setup" finished-at="2021-03-02T23:51:35 IST" duration-ms="1580" status="PASS">
          <params>
            <param index="0">
              <value>
                <![CDATA[chrome]]>
              </value>
            </param>
          </params>
          <reporter-output>
          </reporter-output>
        </test-method> <!-- setup -->
        <test-method signature="addNewCustomer()[pri:0, instance:com.inetBanking.testcases.TC_CreateNewCustomer_003@96def03]" started-at="2021-03-02T23:51:35 IST" name="addNewCustomer" finished-at="2021-03-02T23:51:56 IST" duration-ms="20960" status="PASS">
          <reporter-output>
          </reporter-output>
        </test-method> <!-- addNewCustomer -->
        <test-method is-config="true" signature="tearDown()[pri:0, instance:com.inetBanking.testcases.TC_CreateNewCustomer_003@96def03]" started-at="2021-03-02T23:51:56 IST" name="tearDown" finished-at="2021-03-02T23:51:56 IST" duration-ms="695" status="PASS">
          <reporter-output>
          </reporter-output>
        </test-method> <!-- tearDown -->
      </class> <!-- com.inetBanking.testcases.TC_CreateNewCustomer_003 -->
    </test> <!-- BankingApp Test -->
  </suite> <!-- Suite -->
</testng-results>
